mode: set
github.com/dmitruk-v/router/router/router.go:17.26,40.2 1 1
github.com/dmitruk-v/router/router/router.go:43.51,44.16 1 1
github.com/dmitruk-v/router/router/router.go:45.22,46.16 1 1
github.com/dmitruk-v/router/router/router.go:47.23,48.17 1 0
github.com/dmitruk-v/router/router/router.go:49.22,50.16 1 0
github.com/dmitruk-v/router/router/router.go:51.24,52.18 1 0
github.com/dmitruk-v/router/router/router.go:53.25,54.19 1 0
github.com/dmitruk-v/router/router/router.go:55.10,57.13 2 0
github.com/dmitruk-v/router/router/router.go:65.84,71.36 4 1
github.com/dmitruk-v/router/router/router.go:85.2,85.27 1 1
github.com/dmitruk-v/router/router/router.go:92.2,93.14 2 1
github.com/dmitruk-v/router/router/router.go:71.36,72.24 1 1
github.com/dmitruk-v/router/router/router.go:72.24,74.17 1 1
github.com/dmitruk-v/router/router/router.go:80.4,81.12 2 1
github.com/dmitruk-v/router/router/router.go:74.17,78.5 2 1
github.com/dmitruk-v/router/router/router.go:85.27,89.3 2 1
github.com/dmitruk-v/router/router/router.go:98.48,100.40 1 1
github.com/dmitruk-v/router/router/router.go:106.2,111.14 3 1
github.com/dmitruk-v/router/router/router.go:100.40,101.25 1 1
github.com/dmitruk-v/router/router/router.go:101.25,103.4 1 1
github.com/dmitruk-v/router/router/router.go:116.62,126.36 6 0
github.com/dmitruk-v/router/router/router.go:141.2,141.27 1 0
github.com/dmitruk-v/router/router/router.go:149.2,149.29 1 0
github.com/dmitruk-v/router/router/router.go:157.2,157.13 1 0
github.com/dmitruk-v/router/router/router.go:126.36,127.24 1 0
github.com/dmitruk-v/router/router/router.go:127.24,128.17 1 0
github.com/dmitruk-v/router/router/router.go:135.4,137.12 3 0
github.com/dmitruk-v/router/router/router.go:128.17,133.5 3 0
github.com/dmitruk-v/router/router/router.go:141.27,145.3 3 0
github.com/dmitruk-v/router/router/router.go:149.29,151.21 2 0
github.com/dmitruk-v/router/router/router.go:154.3,154.17 1 0
github.com/dmitruk-v/router/router/router.go:151.21,153.4 1 0
github.com/dmitruk-v/router/router/router.go:162.49,165.19 1 0
github.com/dmitruk-v/router/router/router.go:168.2,168.40 1 0
github.com/dmitruk-v/router/router/router.go:178.2,178.12 1 0
github.com/dmitruk-v/router/router/router.go:165.19,167.3 1 0
github.com/dmitruk-v/router/router/router.go:168.40,170.25 1 0
github.com/dmitruk-v/router/router/router.go:174.3,174.90 1 0
github.com/dmitruk-v/router/router/router.go:170.25,172.4 1 0
github.com/dmitruk-v/router/router/router.go:174.90,176.4 1 0
github.com/dmitruk-v/router/router/router.go:181.31,187.2 5 0
github.com/dmitruk-v/router/router/router.go:189.76,192.2 2 0
github.com/dmitruk-v/router/router/router.go:194.71,197.2 2 0
github.com/dmitruk-v/router/router/tree.go:18.38,19.23 1 1
github.com/dmitruk-v/router/router/tree.go:25.2,25.63 1 1
github.com/dmitruk-v/router/router/tree.go:28.2,28.41 1 1
github.com/dmitruk-v/router/router/tree.go:31.2,31.39 1 1
github.com/dmitruk-v/router/router/tree.go:37.2,37.13 1 1
github.com/dmitruk-v/router/router/tree.go:19.23,21.3 1 0
github.com/dmitruk-v/router/router/tree.go:25.63,27.3 1 0
github.com/dmitruk-v/router/router/tree.go:28.41,30.3 1 0
github.com/dmitruk-v/router/router/tree.go:31.39,33.10 2 1
github.com/dmitruk-v/router/router/tree.go:33.10,35.4 1 0
github.com/dmitruk-v/router/router/tree.go:41.24,44.14 2 0
github.com/dmitruk-v/router/router/tree.go:48.2,48.50 1 0
github.com/dmitruk-v/router/router/tree.go:56.2,57.32 2 0
github.com/dmitruk-v/router/router/tree.go:63.2,64.24 2 0
github.com/dmitruk-v/router/router/tree.go:44.14,46.3 1 0
github.com/dmitruk-v/router/router/tree.go:48.50,50.30 2 0
github.com/dmitruk-v/router/router/tree.go:53.3,53.21 1 0
github.com/dmitruk-v/router/router/tree.go:50.30,52.4 1 0
github.com/dmitruk-v/router/router/tree.go:57.32,59.35 2 0
github.com/dmitruk-v/router/router/tree.go:59.35,61.4 1 0
github.com/dmitruk-v/router/router/tree.go:67.42,69.2 1 0
github.com/dmitruk-v/router/router/parser.go:27.40,33.2 1 1
github.com/dmitruk-v/router/router/parser.go:36.34,37.6 1 1
github.com/dmitruk-v/router/router/parser.go:50.2,50.17 1 1
github.com/dmitruk-v/router/router/parser.go:37.6,38.14 1 1
github.com/dmitruk-v/router/router/parser.go:41.3,42.18 2 1
github.com/dmitruk-v/router/router/parser.go:47.3,48.40 2 1
github.com/dmitruk-v/router/router/parser.go:38.14,39.9 1 1
github.com/dmitruk-v/router/router/parser.go:42.18,45.12 3 1
github.com/dmitruk-v/router/router/parser.go:54.29,56.2 1 1
github.com/dmitruk-v/router/router/parser.go:59.32,63.2 2 1
github.com/dmitruk-v/router/router/parser.go:66.31,68.6 2 1
github.com/dmitruk-v/router/router/parser.go:75.2,75.45 1 1
github.com/dmitruk-v/router/router/parser.go:68.6,69.43 1 1
github.com/dmitruk-v/router/router/parser.go:72.3,73.12 2 1
github.com/dmitruk-v/router/router/parser.go:69.43,70.9 1 1
