mode: set
github.com/dmitruk-v/router/router/router.go:25.26,60.2 1 1
github.com/dmitruk-v/router/router/router.go:63.79,65.2 1 0
github.com/dmitruk-v/router/router/router.go:68.87,70.2 1 0
github.com/dmitruk-v/router/router/router.go:73.61,75.9 2 0
github.com/dmitruk-v/router/router/router.go:78.2,78.10 1 0
github.com/dmitruk-v/router/router/router.go:75.9,76.50 1 0
github.com/dmitruk-v/router/router/router.go:82.51,83.16 1 1
github.com/dmitruk-v/router/router/router.go:84.22,85.16 1 1
github.com/dmitruk-v/router/router/router.go:86.23,87.17 1 0
github.com/dmitruk-v/router/router/router.go:88.22,89.16 1 0
github.com/dmitruk-v/router/router/router.go:90.24,91.18 1 0
github.com/dmitruk-v/router/router/router.go:92.25,93.19 1 0
github.com/dmitruk-v/router/router/router.go:94.26,95.20 1 0
github.com/dmitruk-v/router/router/router.go:96.23,97.17 1 0
github.com/dmitruk-v/router/router/router.go:98.26,99.20 1 0
github.com/dmitruk-v/router/router/router.go:100.10,101.60 1 0
github.com/dmitruk-v/router/router/router.go:107.84,113.36 4 1
github.com/dmitruk-v/router/router/router.go:127.2,127.27 1 1
github.com/dmitruk-v/router/router/router.go:134.2,135.14 2 1
github.com/dmitruk-v/router/router/router.go:113.36,114.24 1 1
github.com/dmitruk-v/router/router/router.go:114.24,116.17 1 1
github.com/dmitruk-v/router/router/router.go:122.4,123.12 2 1
github.com/dmitruk-v/router/router/router.go:116.17,120.5 2 1
github.com/dmitruk-v/router/router/router.go:127.27,131.3 2 1
github.com/dmitruk-v/router/router/router.go:140.48,142.40 1 1
github.com/dmitruk-v/router/router/router.go:148.2,153.14 3 1
github.com/dmitruk-v/router/router/router.go:142.40,143.25 1 1
github.com/dmitruk-v/router/router/router.go:143.25,145.4 1 1
github.com/dmitruk-v/router/router/router.go:158.83,168.36 6 0
github.com/dmitruk-v/router/router/router.go:183.2,183.27 1 0
github.com/dmitruk-v/router/router/router.go:191.2,191.29 1 0
github.com/dmitruk-v/router/router/router.go:199.2,199.13 1 0
github.com/dmitruk-v/router/router/router.go:168.36,169.24 1 0
github.com/dmitruk-v/router/router/router.go:169.24,170.17 1 0
github.com/dmitruk-v/router/router/router.go:177.4,179.12 3 0
github.com/dmitruk-v/router/router/router.go:170.17,175.5 3 0
github.com/dmitruk-v/router/router/router.go:183.27,187.3 3 0
github.com/dmitruk-v/router/router/router.go:191.29,193.21 2 0
github.com/dmitruk-v/router/router/router.go:196.3,196.17 1 0
github.com/dmitruk-v/router/router/router.go:193.21,195.4 1 0
github.com/dmitruk-v/router/router/router.go:204.70,207.19 1 0
github.com/dmitruk-v/router/router/router.go:210.2,210.40 1 0
github.com/dmitruk-v/router/router/router.go:226.2,226.12 1 0
github.com/dmitruk-v/router/router/router.go:207.19,209.3 1 0
github.com/dmitruk-v/router/router/router.go:210.40,212.25 1 0
github.com/dmitruk-v/router/router/router.go:216.3,216.90 1 0
github.com/dmitruk-v/router/router/router.go:212.25,214.4 1 0
github.com/dmitruk-v/router/router/router.go:216.90,219.11 3 0
github.com/dmitruk-v/router/router/router.go:222.4,223.16 2 0
github.com/dmitruk-v/router/router/router.go:219.11,221.5 1 0
github.com/dmitruk-v/router/router/router.go:230.71,235.25 3 0
github.com/dmitruk-v/router/router/router.go:240.2,240.49 1 0
github.com/dmitruk-v/router/router/router.go:235.25,238.3 2 0
github.com/dmitruk-v/router/router/router.go:244.31,253.2 8 0
github.com/dmitruk-v/router/router/tree.go:17.38,18.23 1 1
github.com/dmitruk-v/router/router/tree.go:21.2,21.63 1 1
github.com/dmitruk-v/router/router/tree.go:24.2,24.41 1 1
github.com/dmitruk-v/router/router/tree.go:27.2,27.39 1 1
github.com/dmitruk-v/router/router/tree.go:33.2,33.13 1 1
github.com/dmitruk-v/router/router/tree.go:18.23,20.3 1 0
github.com/dmitruk-v/router/router/tree.go:21.63,23.3 1 0
github.com/dmitruk-v/router/router/tree.go:24.41,26.3 1 0
github.com/dmitruk-v/router/router/tree.go:27.39,29.10 2 1
github.com/dmitruk-v/router/router/tree.go:29.10,31.4 1 0
github.com/dmitruk-v/router/router/tree.go:37.24,40.14 2 0
github.com/dmitruk-v/router/router/tree.go:44.2,44.50 1 0
github.com/dmitruk-v/router/router/tree.go:52.2,53.32 2 0
github.com/dmitruk-v/router/router/tree.go:59.2,60.24 2 0
github.com/dmitruk-v/router/router/tree.go:40.14,42.3 1 0
github.com/dmitruk-v/router/router/tree.go:44.50,46.30 2 0
github.com/dmitruk-v/router/router/tree.go:49.3,49.21 1 0
github.com/dmitruk-v/router/router/tree.go:46.30,48.4 1 0
github.com/dmitruk-v/router/router/tree.go:53.32,55.35 2 0
github.com/dmitruk-v/router/router/tree.go:55.35,57.4 1 0
